<?xml version="1.0" encoding="UTF-8"?>
<testng-results ignored="0" total="5" passed="4" failed="1" skipped="0">
  <reporter-output>
    <line>
      <![CDATA[modify]]>
    </line>
    <line>
      <![CDATA[Customer created]]>
    </line>
    <line>
      <![CDATA[Customer created]]>
    </line>
    <line>
      <![CDATA[Customer created]]>
    </line>
  </reporter-output>
  <suite started-at="2024-02-17T12:38:30 GMT-11:00" name="Default suite" finished-at="2024-02-17T12:38:30 GMT-11:00" duration-ms="118">
    <groups>
    </groups>
    <test started-at="2024-02-17T12:38:30 GMT-11:00" name="Default test" finished-at="2024-02-17T12:38:30 GMT-11:00" duration-ms="118">
      <class name="TestNG.A02_TestNG_BatchExecution">
        <test-method signature="Employee()[pri:1, instance:TestNG.A02_TestNG_BatchExecution@3d51f06e]" started-at="2024-02-17T12:38:30 GMT-11:00" name="Employee" finished-at="2024-02-17T12:38:30 GMT-11:00" duration-ms="22" status="FAIL">
          <exception class="java.lang.AssertionError">
            <message>
              <![CDATA[null]]>
            </message>
            <full-stacktrace>
              <![CDATA[java.lang.AssertionError: null
at org.testng.Assert.fail(Assert.java:99)
at org.testng.Assert.fail(Assert.java:106)
at TestNG.A02_TestNG_BatchExecution.Employee(A02_TestNG_BatchExecution.java:22)
at java.base/jdk.internal.reflect.DirectMethodHandleAccessor.invoke(DirectMethodHandleAccessor.java:103)
at java.base/java.lang.reflect.Method.invoke(Method.java:580)
at org.testng.internal.MethodInvocationHelper.invokeMethod(MethodInvocationHelper.java:133)
at org.testng.internal.TestInvoker.invokeMethod(TestInvoker.java:598)
at org.testng.internal.TestInvoker.invokeTestMethod(TestInvoker.java:173)
at org.testng.internal.MethodRunner.runInSequence(MethodRunner.java:46)
at org.testng.internal.TestInvoker$MethodInvocationAgent.invoke(TestInvoker.java:824)
at org.testng.internal.TestInvoker.invokeTestMethods(TestInvoker.java:146)
at org.testng.internal.TestMethodWorker.invokeTestMethods(TestMethodWorker.java:146)
at org.testng.internal.TestMethodWorker.run(TestMethodWorker.java:128)
at java.base/java.util.ArrayList.forEach(ArrayList.java:1596)
at org.testng.TestRunner.privateRun(TestRunner.java:794)
at org.testng.TestRunner.run(TestRunner.java:596)
at org.testng.SuiteRunner.runTest(SuiteRunner.java:377)
at org.testng.SuiteRunner.runSequentially(SuiteRunner.java:371)
at org.testng.SuiteRunner.privateRun(SuiteRunner.java:332)
at org.testng.SuiteRunner.run(SuiteRunner.java:276)
at org.testng.SuiteRunnerWorker.runSuite(SuiteRunnerWorker.java:53)
at org.testng.SuiteRunnerWorker.run(SuiteRunnerWorker.java:96)
at org.testng.TestNG.runSuitesSequentially(TestNG.java:1212)
at org.testng.TestNG.runSuitesLocally(TestNG.java:1134)
at org.testng.TestNG.runSuites(TestNG.java:1063)
at org.testng.TestNG.run(TestNG.java:1031)
at org.testng.remote.AbstractRemoteTestNG.run(AbstractRemoteTestNG.java:115)
at org.testng.remote.RemoteTestNG.initAndRun(RemoteTestNG.java:251)
at org.testng.remote.RemoteTestNG.main(RemoteTestNG.java:77)
]]>
            </full-stacktrace>
          </exception> <!-- java.lang.AssertionError -->
          <reporter-output>
          </reporter-output>
        </test-method> <!-- Employee -->
        <test-method signature="modify()[pri:2, instance:TestNG.A02_TestNG_BatchExecution@3d51f06e]" started-at="2024-02-17T12:38:30 GMT-11:00" name="modify" finished-at="2024-02-17T12:38:30 GMT-11:00" duration-ms="6" status="PASS">
          <reporter-output>
            <line>
              <![CDATA[modify]]>
            </line>
          </reporter-output>
        </test-method> <!-- modify -->
        <test-method signature="getCustomer()[pri:3, instance:TestNG.A02_TestNG_BatchExecution@3d51f06e]" started-at="2024-02-17T12:38:30 GMT-11:00" name="getCustomer" finished-at="2024-02-17T12:38:30 GMT-11:00" duration-ms="5" status="PASS">
          <reporter-output>
            <line>
              <![CDATA[Customer created]]>
            </line>
          </reporter-output>
        </test-method> <!-- getCustomer -->
        <test-method signature="getCustomer()[pri:3, instance:TestNG.A02_TestNG_BatchExecution@3d51f06e]" started-at="2024-02-17T12:38:30 GMT-11:00" name="getCustomer" finished-at="2024-02-17T12:38:30 GMT-11:00" duration-ms="2" status="PASS">
          <reporter-output>
            <line>
              <![CDATA[Customer created]]>
            </line>
          </reporter-output>
        </test-method> <!-- getCustomer -->
        <test-method signature="getCustomer()[pri:3, instance:TestNG.A02_TestNG_BatchExecution@3d51f06e]" started-at="2024-02-17T12:38:30 GMT-11:00" name="getCustomer" finished-at="2024-02-17T12:38:30 GMT-11:00" duration-ms="2" status="PASS">
          <reporter-output>
            <line>
              <![CDATA[Customer created]]>
            </line>
          </reporter-output>
        </test-method> <!-- getCustomer -->
      </class> <!-- TestNG.A02_TestNG_BatchExecution -->
    </test> <!-- Default test -->
  </suite> <!-- Default suite -->
</testng-results>
