<?xml version="1.0" encoding="UTF-8"?>
<testng-results ignored="0" total="5" passed="5" failed="0" skipped="0">
  <reporter-output>
    <line>
      <![CDATA[Employee created]]>
    </line>
    <line>
      <![CDATA[Customer created]]>
    </line>
    <line>
      <![CDATA[Customer created]]>
    </line>
    <line>
      <![CDATA[Customer created]]>
    </line>
    <line>
      <![CDATA[modify]]>
    </line>
  </reporter-output>
  <suite started-at="2024-03-07T15:13:16 GMT-11:00" name="Default suite" finished-at="2024-03-07T15:13:16 GMT-11:00" duration-ms="138">
    <groups>
    </groups>
    <test started-at="2024-03-07T15:13:16 GMT-11:00" name="Default test" finished-at="2024-03-07T15:13:16 GMT-11:00" duration-ms="138">
      <class name="TestNG.A00_TestNG">
        <test-method signature="Employee()[pri:0, instance:TestNG.A00_TestNG@3c407114]" started-at="2024-03-07T15:13:16 GMT-11:00" name="Employee" finished-at="2024-03-07T15:13:16 GMT-11:00" duration-ms="22" status="PASS">
          <reporter-output>
            <line>
              <![CDATA[Employee created]]>
            </line>
          </reporter-output>
        </test-method> <!-- Employee -->
        <test-method signature="getCustomer()[pri:0, instance:TestNG.A00_TestNG@3c407114]" started-at="2024-03-07T15:13:16 GMT-11:00" name="getCustomer" finished-at="2024-03-07T15:13:16 GMT-11:00" duration-ms="2" status="PASS">
          <reporter-output>
            <line>
              <![CDATA[Customer created]]>
            </line>
          </reporter-output>
        </test-method> <!-- getCustomer -->
        <test-method signature="getCustomer()[pri:0, instance:TestNG.A00_TestNG@3c407114]" started-at="2024-03-07T15:13:16 GMT-11:00" name="getCustomer" finished-at="2024-03-07T15:13:16 GMT-11:00" duration-ms="7" status="PASS">
          <reporter-output>
            <line>
              <![CDATA[Customer created]]>
            </line>
          </reporter-output>
        </test-method> <!-- getCustomer -->
        <test-method signature="getCustomer()[pri:0, instance:TestNG.A00_TestNG@3c407114]" started-at="2024-03-07T15:13:16 GMT-11:00" name="getCustomer" finished-at="2024-03-07T15:13:16 GMT-11:00" duration-ms="2" status="PASS">
          <reporter-output>
            <line>
              <![CDATA[Customer created]]>
            </line>
          </reporter-output>
        </test-method> <!-- getCustomer -->
        <test-method signature="modify()[pri:0, instance:TestNG.A00_TestNG@3c407114]" started-at="2024-03-07T15:13:16 GMT-11:00" name="modify" finished-at="2024-03-07T15:13:16 GMT-11:00" duration-ms="11" status="PASS">
          <reporter-output>
            <line>
              <![CDATA[modify]]>
            </line>
          </reporter-output>
        </test-method> <!-- modify -->
      </class> <!-- TestNG.A00_TestNG -->
    </test> <!-- Default test -->
  </suite> <!-- Default suite -->
</testng-results>
