<?xml version="1.0" encoding="UTF-8"?>
<!-- Generated by org.testng.reporters.JUnitXMLReporter -->
<testsuite ignored="1" hostname="DESKTOP-Q7REACT" failures="0" tests="14" name="Test" time="0.178" errors="0" timestamp="2024-02-17T12:31:26 GMT-11:00">
  <testcase classname="TestNG.A00_TestNG" name="Employee" time="0.017"/>
  <testcase classname="TestNG.A00_TestNG" name="getCustomer" time="0.003"/>
  <testcase classname="TestNG.A00_TestNG" name="getCustomer" time="0.003"/>
  <testcase classname="TestNG.A00_TestNG" name="getCustomer" time="0.003"/>
  <testcase classname="TestNG.A00_TestNG" name="modify" time="0.003"/>
  <testcase classname="TestNG.A01_TestNG" name="modify" time="0.004"/>
  <testcase classname="TestNG.A01_TestNG" name="getCustomer" time="0.007"/>
  <testcase classname="TestNG.A01_TestNG" name="getCustomer" time="0.006"/>
  <testcase classname="TestNG.A01_TestNG" name="getCustomer" time="0.007"/>
  <testcase classname="TestNG.A02_TestNG_BatchExecution" name="Employee" time="0.002"/>
  <testcase classname="TestNG.A02_TestNG_BatchExecution" name="modify" time="0.002"/>
  <testcase classname="TestNG.A02_TestNG_BatchExecution" name="getCustomer" time="0.004"/>
  <testcase classname="TestNG.A02_TestNG_BatchExecution" name="getCustomer" time="0.002"/>
  <testcase classname="TestNG.A02_TestNG_BatchExecution" name="getCustomer" time="0.004"/>
  <testcase classname="TestNG.A01_TestNG" name="Employee" time="0.0">
    <ignored/>
  </testcase> <!-- Employee -->
</testsuite> <!-- Test -->
