<?xml version="1.0" encoding="UTF-8"?>
<!-- Generated by org.testng.reporters.JUnitXMLReporter -->
<testsuite ignored="0" hostname="DESKTOP-Q7REACT" failures="0" tests="5" name="Default test" time="0.138" errors="0" timestamp="2024-03-07T15:13:16 GMT-11:00">
  <testcase classname="TestNG.A00_TestNG" name="Employee" time="0.022"/>
  <testcase classname="TestNG.A00_TestNG" name="getCustomer" time="0.002"/>
  <testcase classname="TestNG.A00_TestNG" name="getCustomer" time="0.007"/>
  <testcase classname="TestNG.A00_TestNG" name="getCustomer" time="0.002"/>
  <testcase classname="TestNG.A00_TestNG" name="modify" time="0.011"/>
</testsuite> <!-- Default test -->
